# JRE version: OpenJDK Runtime Environment (17.0.11) (build 17.0.11+0--11852314)
# Java VM: OpenJDK 64-Bit Server VM (17.0.11+0--11852314, mixed mode, tiered, compressed oops, compressed class ptrs, g1 gc, windows-amd64)
GC Precious Log:
 CPUs: 12 total, 11 available
 Memory: 15741M
 Large Page Support: Disabled
 NUMA Support: Disabled
 Compressed Oops: Enabled (Zero based)
 Heap Region Size: 2M
 Heap Min Capacity: 8M
 Heap Initial Capacity: 246M
 Heap Max Capacity: 4G
 Pre-touch: Disabled
 Parallel Workers: 9
 Concurrent Workers: 2
 Concurrent Refinement Workers: 9
 Periodic GC: Disabled
Heap:
 garbage-first heap   total 843776K, used 472493K [0x0000000700000000, 0x0000000800000000)
  region size 2048K, 5 young (10240K), 5 survivors (10240K)
 Metaspace       used 184594K, committed 186112K, reserved 1245184K
  class space    used 25118K, committed 25856K, reserved 1048576K
GC Heap History (20 events):
Event: 261.385 GC heap after
{Heap after GC invocations=49 (full 0):
 garbage-first heap   total 354304K, used 176992K [0x0000000700000000, 0x0000000800000000)
  region size 2048K, 10 young (20480K), 10 survivors (20480K)
 Metaspace       used 123100K, committed 124096K, reserved 1179648K
  class space    used 16765K, committed 17216K, reserved 1048576K
}
Event: 262.612 GC heap before
{Heap before GC invocations=50 (full 0):
 garbage-first heap   total 354304K, used 285536K [0x0000000700000000, 0x0000000800000000)
  region size 2048K, 61 young (124928K), 10 survivors (20480K)
 Metaspace       used 128873K, committed 129920K, reserved 1179648K
  class space    used 17390K, committed 17856K, reserved 1048576K
}
Event: 262.624 GC heap after
{Heap after GC invocations=51 (full 0):
 garbage-first heap   total 354304K, used 183268K [0x0000000700000000, 0x0000000800000000)
  region size 2048K, 4 young (8192K), 4 survivors (8192K)
 Metaspace       used 128873K, committed 129920K, reserved 1179648K
  class space    used 17390K, committed 17856K, reserved 1048576K
}
Event: 262.727 GC heap before
{Heap before GC invocations=51 (full 0):
 garbage-first heap   total 354304K, used 189412K [0x0000000700000000, 0x0000000800000000)
  region size 2048K, 8 young (16384K), 4 survivors (8192K)
 Metaspace       used 130712K, committed 131776K, reserved 1179648K
  class space    used 17489K, committed 17984K, reserved 1048576K
}
Event: 262.736 GC heap after
{Heap after GC invocations=52 (full 0):
 garbage-first heap   total 354304K, used 172851K [0x0000000700000000, 0x0000000800000000)
  region size 2048K, 1 young (2048K), 1 survivors (2048K)
 Metaspace       used 130712K, committed 131776K, reserved 1179648K
  class space    used 17489K, committed 17984K, reserved 1048576K
}
Event: 263.503 GC heap before
{Heap before GC invocations=52 (full 0):
 garbage-first heap   total 354304K, used 283443K [0x0000000700000000, 0x0000000800000000)
  region size 2048K, 56 young (114688K), 1 survivors (2048K)
 Metaspace       used 133755K, committed 134848K, reserved 1179648K
  class space    used 17822K, committed 18368K, reserved 1048576K
}
Event: 263.509 GC heap after
{Heap after GC invocations=53 (full 0):
 garbage-first heap   total 638976K, used 177863K [0x0000000700000000, 0x0000000800000000)
  region size 2048K, 4 young (8192K), 4 survivors (8192K)
 Metaspace       used 133755K, committed 134848K, reserved 1179648K
  class space    used 17822K, committed 18368K, reserved 1048576K
}
Event: 269.587 GC heap before
{Heap before GC invocations=54 (full 0):
 garbage-first heap   total 628736K, used 517831K [0x0000000700000000, 0x0000000800000000)
  region size 2048K, 167 young (342016K), 4 survivors (8192K)
 Metaspace       used 157655K, committed 158912K, reserved 1245184K
  class space    used 20774K, committed 21376K, reserved 1048576K
}
Event: 269.601 GC heap after
{Heap after GC invocations=55 (full 0):
 garbage-first heap   total 628736K, used 211360K [0x0000000700000000, 0x0000000800000000)
  region size 2048K, 16 young (32768K), 16 survivors (32768K)
 Metaspace       used 157655K, committed 158912K, reserved 1245184K
  class space    used 20774K, committed 21376K, reserved 1048576K
}
Event: 269.611 GC heap before
{Heap before GC invocations=55 (full 0):
 garbage-first heap   total 628736K, used 211360K [0x0000000700000000, 0x0000000800000000)
  region size 2048K, 17 young (34816K), 16 survivors (32768K)
 Metaspace       used 157905K, committed 159168K, reserved 1245184K
  class space    used 20813K, committed 21440K, reserved 1048576K
}
Event: 269.621 GC heap after
{Heap after GC invocations=56 (full 0):
 garbage-first heap   total 628736K, used 196709K [0x0000000700000000, 0x0000000800000000)
  region size 2048K, 2 young (4096K), 2 survivors (4096K)
 Metaspace       used 157905K, committed 159168K, reserved 1245184K
  class space    used 20813K, committed 21440K, reserved 1048576K
}
Event: 270.798 GC heap before
{Heap before GC invocations=56 (full 0):
 garbage-first heap   total 628736K, used 577637K [0x0000000700000000, 0x0000000800000000)
  region size 2048K, 137 young (280576K), 2 survivors (4096K)
 Metaspace       used 180852K, committed 182272K, reserved 1245184K
  class space    used 24526K, committed 25216K, reserved 1048576K
}
Event: 270.824 GC heap after
{Heap after GC invocations=57 (full 0):
 garbage-first heap   total 632832K, used 304164K [0x0000000700000000, 0x0000000800000000)
  region size 2048K, 18 young (36864K), 18 survivors (36864K)
 Metaspace       used 180852K, committed 182272K, reserved 1245184K
  class space    used 24526K, committed 25216K, reserved 1048576K
}
Event: 271.106 GC heap before
{Heap before GC invocations=57 (full 0):
 garbage-first heap   total 632832K, used 492580K [0x0000000700000000, 0x0000000800000000)
  region size 2048K, 111 young (227328K), 18 survivors (36864K)
 Metaspace       used 183840K, committed 185344K, reserved 1245184K
  class space    used 25058K, committed 25792K, reserved 1048576K
}
Event: 271.148 GC heap after
{Heap after GC invocations=58 (full 0):
 garbage-first heap   total 632832K, used 354247K [0x0000000700000000, 0x0000000800000000)
  region size 2048K, 14 young (28672K), 14 survivors (28672K)
 Metaspace       used 183840K, committed 185344K, reserved 1245184K
  class space    used 25058K, committed 25792K, reserved 1048576K
}
Event: 271.346 GC heap before
{Heap before GC invocations=58 (full 0):
 garbage-first heap   total 632832K, used 489415K [0x0000000700000000, 0x0000000800000000)
  region size 2048K, 81 young (165888K), 14 survivors (28672K)
 Metaspace       used 184658K, committed 186112K, reserved 1245184K
  class space    used 25141K, committed 25856K, reserved 1048576K
}
Event: 271.391 GC heap after
{Heap after GC invocations=59 (full 0):
 garbage-first heap   total 632832K, used 417189K [0x0000000700000000, 0x0000000800000000)
  region size 2048K, 11 young (22528K), 11 survivors (22528K)
 Metaspace       used 184658K, committed 186112K, reserved 1245184K
  class space    used 25141K, committed 25856K, reserved 1048576K
}
Event: 271.516 GC heap before
{Heap before GC invocations=59 (full 0):
 garbage-first heap   total 632832K, used 497061K [0x0000000700000000, 0x0000000800000000)
  region size 2048K, 51 young (104448K), 11 survivors (22528K)
 Metaspace       used 184675K, committed 186112K, reserved 1245184K
  class space    used 25141K, committed 25856K, reserved 1048576K
}
Event: 271.538 GC heap after
{Heap after GC invocations=60 (full 0):
 garbage-first heap   total 632832K, used 449965K [0x0000000700000000, 0x0000000800000000)
  region size 2048K, 7 young (14336K), 7 survivors (14336K)
 Metaspace       used 184675K, committed 186112K, reserved 1245184K
  class space    used 25141K, committed 25856K, reserved 1048576K
}
Event: 271.658 GC heap before
{Heap before GC invocations=60 (full 0):
 garbage-first heap   total 843776K, used 511405K [0x0000000700000000, 0x0000000800000000)
  region size 2048K, 37 young (75776K), 7 survivors (14336K)
 Metaspace       used 184594K, committed 186112K, reserved 1245184K
  class space    used 25118K, committed 25856K, reserved 1048576K
}

