# JRE version: OpenJDK Runtime Environment (17.0.11) (build 17.0.11+0--11852314)
# Java VM: OpenJDK 64-Bit Server VM (17.0.11+0--11852314, mixed mode, tiered, compressed oops, compressed class ptrs, g1 gc, windows-amd64)
GC Precious Log:
 CPUs: 12 total, 11 available
 Memory: 15741M
 Large Page Support: Disabled
 NUMA Support: Disabled
 Compressed Oops: Enabled (Zero based)
 Heap Region Size: 2M
 Heap Min Capacity: 8M
 Heap Initial Capacity: 246M
 Heap Max Capacity: 4G
 Pre-touch: Disabled
 Parallel Workers: 9
 Concurrent Workers: 2
 Concurrent Refinement Workers: 9
 Periodic GC: Disabled
Heap:
 garbage-first heap   total 544768K, used 202899K [0x0000000700000000, 0x0000000800000000)
  region size 2048K, 10 young (20480K), 10 survivors (20480K)
 Metaspace       used 179174K, committed 181056K, reserved 1245184K
  class space    used 24433K, committed 25344K, reserved 1048576K
GC Heap History (20 events):
Event: 830.042 GC heap after
{Heap after GC invocations=78 (full 0):
 garbage-first heap   total 544768K, used 166149K [0x0000000700000000, 0x0000000800000000)
  region size 2048K, 2 young (4096K), 2 survivors (4096K)
 Metaspace       used 152886K, committed 154240K, reserved 1245184K
  class space    used 21088K, committed 21760K, reserved 1048576K
}
Event: 864.611 GC heap before
{Heap before GC invocations=78 (full 0):
 garbage-first heap   total 544768K, used 440581K [0x0000000700000000, 0x0000000800000000)
  region size 2048K, 136 young (278528K), 2 survivors (4096K)
 Metaspace       used 153428K, committed 154880K, reserved 1245184K
  class space    used 21104K, committed 21824K, reserved 1048576K
}
Event: 864.627 GC heap after
{Heap after GC invocations=79 (full 0):
 garbage-first heap   total 544768K, used 199619K [0x0000000700000000, 0x0000000800000000)
  region size 2048K, 17 young (34816K), 17 survivors (34816K)
 Metaspace       used 153428K, committed 154880K, reserved 1245184K
  class space    used 21104K, committed 21824K, reserved 1048576K
}
Event: 1213.829 GC heap before
{Heap before GC invocations=80 (full 0):
 garbage-first heap   total 544768K, used 455619K [0x0000000700000000, 0x0000000800000000)
  region size 2048K, 130 young (266240K), 17 survivors (34816K)
 Metaspace       used 154063K, committed 155648K, reserved 1245184K
  class space    used 21179K, committed 21952K, reserved 1048576K
}
Event: 1213.846 GC heap after
{Heap after GC invocations=81 (full 0):
 garbage-first heap   total 544768K, used 207741K [0x0000000700000000, 0x0000000800000000)
  region size 2048K, 8 young (16384K), 8 survivors (16384K)
 Metaspace       used 154063K, committed 155648K, reserved 1245184K
  class space    used 21179K, committed 21952K, reserved 1048576K
}
Event: 1213.881 GC heap before
{Heap before GC invocations=81 (full 0):
 garbage-first heap   total 544768K, used 215933K [0x0000000700000000, 0x0000000800000000)
  region size 2048K, 13 young (26624K), 8 survivors (16384K)
 Metaspace       used 154187K, committed 155840K, reserved 1245184K
  class space    used 21214K, committed 22016K, reserved 1048576K
}
Event: 1213.888 GC heap after
{Heap after GC invocations=82 (full 0):
 garbage-first heap   total 544768K, used 198569K [0x0000000700000000, 0x0000000800000000)
  region size 2048K, 2 young (4096K), 2 survivors (4096K)
 Metaspace       used 154187K, committed 155840K, reserved 1245184K
  class space    used 21214K, committed 22016K, reserved 1048576K
}
Event: 1216.531 GC heap before
{Heap before GC invocations=82 (full 0):
 garbage-first heap   total 544768K, used 323497K [0x0000000700000000, 0x0000000800000000)
  region size 2048K, 64 young (131072K), 2 survivors (4096K)
 Metaspace       used 160876K, committed 162624K, reserved 1245184K
  class space    used 22078K, committed 22912K, reserved 1048576K
}
Event: 1216.538 GC heap after
{Heap after GC invocations=83 (full 0):
 garbage-first heap   total 544768K, used 205937K [0x0000000700000000, 0x0000000800000000)
  region size 2048K, 6 young (12288K), 6 survivors (12288K)
 Metaspace       used 160876K, committed 162624K, reserved 1245184K
  class space    used 22078K, committed 22912K, reserved 1048576K
}
Event: 1218.585 GC heap before
{Heap before GC invocations=84 (full 0):
 garbage-first heap   total 544768K, used 418929K [0x0000000700000000, 0x0000000800000000)
  region size 2048K, 119 young (243712K), 6 survivors (12288K)
 Metaspace       used 174577K, committed 176320K, reserved 1245184K
  class space    used 23797K, committed 24640K, reserved 1048576K
}
Event: 1218.596 GC heap after
{Heap after GC invocations=85 (full 0):
 garbage-first heap   total 544768K, used 211999K [0x0000000700000000, 0x0000000800000000)
  region size 2048K, 15 young (30720K), 15 survivors (30720K)
 Metaspace       used 174577K, committed 176320K, reserved 1245184K
  class space    used 23797K, committed 24640K, reserved 1048576K
}
Event: 1218.619 GC heap before
{Heap before GC invocations=85 (full 0):
 garbage-first heap   total 544768K, used 214047K [0x0000000700000000, 0x0000000800000000)
  region size 2048K, 16 young (32768K), 15 survivors (30720K)
 Metaspace       used 174778K, committed 176640K, reserved 1245184K
  class space    used 23829K, committed 24704K, reserved 1048576K
}
Event: 1218.628 GC heap after
{Heap after GC invocations=86 (full 0):
 garbage-first heap   total 544768K, used 199149K [0x0000000700000000, 0x0000000800000000)
  region size 2048K, 2 young (4096K), 2 survivors (4096K)
 Metaspace       used 174778K, committed 176640K, reserved 1245184K
  class space    used 23829K, committed 24704K, reserved 1048576K
}
Event: 1219.401 GC heap before
{Heap before GC invocations=86 (full 0):
 garbage-first heap   total 544768K, used 276973K [0x0000000700000000, 0x0000000800000000)
  region size 2048K, 42 young (86016K), 2 survivors (4096K)
 Metaspace       used 178537K, committed 180352K, reserved 1245184K
  class space    used 24385K, committed 25280K, reserved 1048576K
}
Event: 1219.406 GC heap after
{Heap after GC invocations=87 (full 0):
 garbage-first heap   total 544768K, used 203094K [0x0000000700000000, 0x0000000800000000)
  region size 2048K, 4 young (8192K), 4 survivors (8192K)
 Metaspace       used 178537K, committed 180352K, reserved 1245184K
  class space    used 24385K, committed 25280K, reserved 1048576K
}
Event: 1220.157 GC heap before
{Heap before GC invocations=88 (full 0):
 garbage-first heap   total 544768K, used 420182K [0x0000000700000000, 0x0000000800000000)
  region size 2048K, 110 young (225280K), 4 survivors (8192K)
 Metaspace       used 178781K, committed 180608K, reserved 1245184K
  class space    used 24394K, committed 25280K, reserved 1048576K
}
Event: 1220.162 GC heap after
{Heap after GC invocations=89 (full 0):
 garbage-first heap   total 544768K, used 207547K [0x0000000700000000, 0x0000000800000000)
  region size 2048K, 5 young (10240K), 5 survivors (10240K)
 Metaspace       used 178781K, committed 180608K, reserved 1245184K
  class space    used 24394K, committed 25280K, reserved 1048576K
}
Event: 1220.331 GC heap before
{Heap before GC invocations=89 (full 0):
 garbage-first heap   total 544768K, used 248507K [0x0000000700000000, 0x0000000800000000)
  region size 2048K, 13 young (26624K), 5 survivors (10240K)
 Metaspace       used 178892K, committed 180800K, reserved 1245184K
  class space    used 24416K, committed 25280K, reserved 1048576K
}
Event: 1220.343 GC heap after
{Heap after GC invocations=90 (full 0):
 garbage-first heap   total 544768K, used 184179K [0x0000000700000000, 0x0000000800000000)
  region size 2048K, 1 young (2048K), 1 survivors (2048K)
 Metaspace       used 178892K, committed 180800K, reserved 1245184K
  class space    used 24416K, committed 25280K, reserved 1048576K
}
Event: 1356.520 GC heap before
{Heap before GC invocations=90 (full 0):
 garbage-first heap   total 544768K, used 407411K [0x0000000700000000, 0x0000000800000000)
  region size 2048K, 112 young (229376K), 1 survivors (2048K)
 Metaspace       used 179174K, committed 181056K, reserved 1245184K
  class space    used 24433K, committed 25344K, reserved 1048576K
}

